<?xml version="1.0" encoding="UTF-8" ?>
<testsuite tests="56" failures="0" name="nl.han.ica.oopg.objects.GameObjectTest" time="0.069" errors="0" skipped="0">
  <properties>
[...]
</properties>
  <testcase classname="nl.han.ica.oopg.objects.GameObjectTest" name="testUpdateObjectXspeedShouldBeZero" time="0.002"/>
  <testcase classname="nl.han.ica.oopg.objects.GameObjectTest" name="testSetFrictionOf0point05" time="0.001"/>
  <testcase classname="nl.han.ica.oopg.objects.GameObjectTest" name="getAngleFromGameObjectShouldReturn90Degree" time="0.001"/>
  <testcase classname="nl.han.ica.oopg.objects.GameObjectTest" name="testUnsetDirection" time="0.001"/>
  <testcase classname="nl.han.ica.oopg.objects.GameObjectTest" name="getCenterXShouldReturnACorrectValue" time="0.001"/>
  <testcase classname="nl.han.ica.oopg.objects.GameObjectTest" name="getCenterYShouldReturnACorrectValue" time="0.001"/>
  <testcase classname="nl.han.ica.oopg.objects.GameObjectTest" name="GetDistanceToOtherObjectOver0DegreesThatNeedsPythagoras" time="0.001"/>
  <testcase classname="nl.han.ica.oopg.objects.GameObjectTest" name="GetDistanceToOtherObjectThatIsAboveAndAtLeftOfMainObject" time="0.001"/>
  <testcase classname="nl.han.ica.oopg.objects.GameObjectTest" name="GetDistanceToOtherObjectOver180DegreesThatNeedsPythagoras" time="0.001"/>
  <testcase classname="nl.han.ica.oopg.objects.GameObjectTest" name="GetDistanceToOtherObjectThatIsBelowAndAtLeftOfMainObject" time="0.001"/>
  <testcase classname="nl.han.ica.oopg.objects.GameObjectTest" name="testUnsetGetSpeed" time="0.001"/>
  <testcase classname="nl.han.ica.oopg.objects.GameObjectTest" name="testSetDirectionSpeedDirection" time="0.001"/>
  <testcase classname="nl.han.ica.oopg.objects.GameObjectTest" name="testMoveObjectXspeedShouldBeZero" time="0.002"/>
  <testcase classname="nl.han.ica.oopg.objects.GameObjectTest" name="testCalculateXspeed" time="0.001"/>
  <testcase classname="nl.han.ica.oopg.objects.GameObjectTest" name="testNegativeSetXSpeed" time="0.001"/>
  <testcase classname="nl.han.ica.oopg.objects.GameObjectTest" name="testCalculateYspeed" time="0.002"/>
  <testcase classname="nl.han.ica.oopg.objects.GameObjectTest" name="testNegativeSetYSpeed" time="0.001"/>
  <testcase classname="nl.han.ica.oopg.objects.GameObjectTest" name="testUnsetXGetSpeed" time="0.001"/>
  <testcase classname="nl.han.ica.oopg.objects.GameObjectTest" name="GetDistanceToOtherObjectThatIsAboveAndAtRightSideOfMainObject" time="0.001"/>
  <testcase classname="nl.han.ica.oopg.objects.GameObjectTest" name="testPostitveDirection" time="0.001"/>
  <testcase classname="nl.han.ica.oopg.objects.GameObjectTest" name="testSetFrictionNegativeAndThrowException" time="0.002"/>
  <testcase classname="nl.han.ica.oopg.objects.GameObjectTest" name="GetDistanceToOtherObjectOver270DegreesThatNeedsPythagoras" time="0.002"/>
  <testcase classname="nl.han.ica.oopg.objects.GameObjectTest" name="setXShouldChangeTheXPosition" time="0.001"/>
  <testcase classname="nl.han.ica.oopg.objects.GameObjectTest" name="GetDistanceIfOtherObjectsBottomRightIsInsideMainObject" time="0.008"/>
  <testcase classname="nl.han.ica.oopg.objects.GameObjectTest" name="GetDistanceToOtherObjectThatIsAtLeftAndBelowMainObject" time="0"/>
  <testcase classname="nl.han.ica.oopg.objects.GameObjectTest" name="setWidthShouldChangeTheWidth" time="0"/>
  <testcase classname="nl.han.ica.oopg.objects.GameObjectTest" name="GetDistanceToOtherObjectThatIsAtRightAndBelowMainObject" time="0.003"/>
  <testcase classname="nl.han.ica.oopg.objects.GameObjectTest" name="setYShouldChangeTheYPosition" time="0"/>
  <testcase classname="nl.han.ica.oopg.objects.GameObjectTest" name="testGetFriction" time="0"/>
  <testcase classname="nl.han.ica.oopg.objects.GameObjectTest" name="testSetFrictionOf2AndThrowException" time="0.002"/>
  <testcase classname="nl.han.ica.oopg.objects.GameObjectTest" name="getAngleFromGameObjectShouldReturn180Degree" time="0.001"/>
  <testcase classname="nl.han.ica.oopg.objects.GameObjectTest" name="setZShouldChangeTheZPosition" time="0.001"/>
  <testcase classname="nl.han.ica.oopg.objects.GameObjectTest" name="setHeightShouldChangeTheHeight" time="0.001"/>
  <testcase classname="nl.han.ica.oopg.objects.GameObjectTest" name="testCalculateDirectionBasedOnPositiveSpeed" time="0.001"/>
  <testcase classname="nl.han.ica.oopg.objects.GameObjectTest" name="setVisibleShouldChangeTheVisibleValue" time="0.001"/>
  <testcase classname="nl.han.ica.oopg.objects.GameObjectTest" name="testSetXandYspeed" time="0.001"/>
  <testcase classname="nl.han.ica.oopg.objects.GameObjectTest" name="testGetAngleFromPossitiveX" time="0.001"/>
  <testcase classname="nl.han.ica.oopg.objects.GameObjectTest" name="testGetAngleFromPossitiveY" time="0.001"/>
  <testcase classname="nl.han.ica.oopg.objects.GameObjectTest" name="testUpdateObjectYspeedShouldBeZero" time="0.001"/>
  <testcase classname="nl.han.ica.oopg.objects.GameObjectTest" name="GetDistanceToOtherObjectOver90DegreesThatNeedsPythagoras" time="0.001"/>
  <testcase classname="nl.han.ica.oopg.objects.GameObjectTest" name="testSetXSpeed" time="0.001"/>
  <testcase classname="nl.han.ica.oopg.objects.GameObjectTest" name="testSetYSpeed" time="0.001"/>
  <testcase classname="nl.han.ica.oopg.objects.GameObjectTest" name="testUnsetYGetSpeed" time="0"/>
  <testcase classname="nl.han.ica.oopg.objects.GameObjectTest" name="testCalculateDirectionBasedOnNegativeSpeed" time="0.001"/>
  <testcase classname="nl.han.ica.oopg.objects.GameObjectTest" name="testNegativeDirection" time="0.001"/>
  <testcase classname="nl.han.ica.oopg.objects.GameObjectTest" name="testSetDirectionSpeedSpeed" time="0.002"/>
  <testcase classname="nl.han.ica.oopg.objects.GameObjectTest" name="getAngleFromGameObjectShouldReturn315Degree" time="0.002"/>
  <testcase classname="nl.han.ica.oopg.objects.GameObjectTest" name="testNegativeSetSpeed" time="0.001"/>
  <testcase classname="nl.han.ica.oopg.objects.GameObjectTest" name="GetDistanceIfOtherObjectsTopRightIsInsideMainObject" time="0.001"/>
  <testcase classname="nl.han.ica.oopg.objects.GameObjectTest" name="GetDistanceIfOtherObjectsBottomLeftIsInsideMainObject" time="0"/>
  <testcase classname="nl.han.ica.oopg.objects.GameObjectTest" name="GetDistanceToOtherObjectThatIsAtLeftAndAboveMainObject" time="0.002"/>
  <testcase classname="nl.han.ica.oopg.objects.GameObjectTest" name="GetDistanceToOtherObjectThatIsAtRightAndAboveMainObject" time="0.001"/>
  <testcase classname="nl.han.ica.oopg.objects.GameObjectTest" name="GetDistanceToOtherObjectThatIsBelowAndAtRightOfMainObject" time="0.001"/>
  <testcase classname="nl.han.ica.oopg.objects.GameObjectTest" name="testMoveObjectYspeedShouldBeZero" time="0.002"/>
  <testcase classname="nl.han.ica.oopg.objects.GameObjectTest" name="GetDistanceIfOtherObjectsTopLeftIsInsideMainObject" time="0.001"/>
  <testcase classname="nl.han.ica.oopg.objects.GameObjectTest" name="testSetSpeed" time="0.001"/>
</testsuite>